[    1764ms] [INFO] Slow network is detected. See https://www.chromestatus.com/feature/5636954674692096 for more details. Fallback font will be used while loading: https://script.hentaicdn.com/cdn/v2.assets/core/fonts/fontawesome-webfont.woff2?v=4.6.3 @ https://hentai2read.com/hentai-list/all/all/all/all/1/:195
[    1765ms] [INFO] Slow network is detected. See https://www.chromestatus.com/feature/5636954674692096 for more details. Fallback font will be used while loading: https://hentaicdn.com/cdn/v2.assets/core/fonts/Simple-Line-Icons.woff @ https://hentai2read.com/hentai-list/all/all/all/all/1/:195
[    2077ms] [ERROR] Failed to load resource: net::ERR_BLOCKED_BY_RESPONSE.NotSameOrigin @ https://img2.hentaicdn.com/hentai/cover/42/avif/_S19656.jpg.avif:0
[    2850ms] [ERROR] Failed to load resource: net::ERR_BLOCKED_BY_RESPONSE.NotSameOrigin @ https://img1.hentaicdn.com/hentai/cover/avif/_S60704.jpg.avif:0
[    2850ms] [ERROR] Failed to load resource: net::ERR_BLOCKED_BY_RESPONSE.NotSameOrigin @ https://img1.hentaicdn.com/hentai/cover/avif/_S68413.jpg.avif:0
[    2850ms] [ERROR] Failed to load resource: net::ERR_BLOCKED_BY_RESPONSE.NotSameOrigin @ https://img1.hentaicdn.com/hentai/cover/avif/_S50623.jpg.avif:0
[    2850ms] [ERROR] Failed to load resource: net::ERR_BLOCKED_BY_RESPONSE.NotSameOrigin @ https://img1.hentaicdn.com/hentai/cover/avif/_S61991.jpg.avif:0
[    3011ms] [ERROR] Failed to load resource: net::ERR_BLOCKED_BY_RESPONSE.NotSameOrigin @ https://img1.hentaicdn.com/hentai/cover/avif/_S59782.jpg.avif:0
[    3014ms] [ERROR] Failed to load resource: net::ERR_BLOCKED_BY_RESPONSE.NotSameOrigin @ https://img1.hentaicdn.com/hentai/cover/avif/_S32423.jpg.avif:0
[    3015ms] [ERROR] Failed to load resource: net::ERR_BLOCKED_BY_RESPONSE.NotSameOrigin @ https://img1.hentaicdn.com/hentai/cover/avif/_S7688.jpg.avif:0
[    3020ms] [ERROR] Failed to load resource: net::ERR_BLOCKED_BY_RESPONSE.NotSameOrigin @ https://img1.hentaicdn.com/hentai/cover/avif/_S63384.jpg.avif:0
[    3068ms] [ERROR] Failed to load resource: net::ERR_BLOCKED_BY_RESPONSE.NotSameOrigin @ https://fakeimg.pl/300x250?text=300x250+MPU:0
[    3069ms] [ERROR] Failed to load resource: net::ERR_BLOCKED_BY_RESPONSE.NotSameOrigin @ https://fakeimg.pl/900x250?text=900x250+MPU:0
[    3101ms] [ERROR] Failed to load resource: net::ERR_BLOCKED_BY_RESPONSE.NotSameOrigin @ https://fakeimg.pl/728x90?text=728x90+MPU:0
[    3232ms] [ERROR] Failed to load resource: net::ERR_BLOCKED_BY_RESPONSE.NotSameOrigin @ https://img1.hentaicdn.com/hentai/cover/avif/_S67167.jpg.avif:0
[    3232ms] [ERROR] Failed to load resource: net::ERR_BLOCKED_BY_RESPONSE.NotSameOrigin @ https://img1.hentaicdn.com/hentai/cover/avif/_S24138.jpg.avif:0
[    3232ms] [ERROR] Failed to load resource: net::ERR_BLOCKED_BY_RESPONSE.NotSameOrigin @ https://img1.hentaicdn.com/hentai/cover/avif/_S49833.jpg.avif:0
[    3232ms] [ERROR] Failed to load resource: net::ERR_BLOCKED_BY_RESPONSE.NotSameOrigin @ https://img1.hentaicdn.com/hentai/cover/avif/_S60705.jpg.avif:0
[    3232ms] [ERROR] Failed to load resource: net::ERR_BLOCKED_BY_RESPONSE.NotSameOrigin @ https://img1.hentaicdn.com/hentai/cover/avif/_S57087.jpg.avif:0
[    3232ms] [ERROR] Failed to load resource: net::ERR_BLOCKED_BY_RESPONSE.NotSameOrigin @ https://img1.hentaicdn.com/hentai/cover/avif/_S64265.jpg.avif:0
[    3232ms] [ERROR] Failed to load resource: net::ERR_BLOCKED_BY_RESPONSE.NotSameOrigin @ https://img1.hentaicdn.com/hentai/cover/avif/_S45491.jpg.avif:0
[    3256ms] [ERROR] Failed to load resource: net::ERR_BLOCKED_BY_RESPONSE.NotSameOrigin @ https://img1.hentaicdn.com/hentai/cover/avif/_S31290.jpg.avif:0
[    3308ms] [ERROR] Failed to load resource: net::ERR_BLOCKED_BY_RESPONSE.NotSameOrigin @ https://img1.hentaicdn.com/hentai/cover/avif/_S44792.jpg.avif:0
[    3335ms] [ERROR] Failed to load resource: net::ERR_BLOCKED_BY_RESPONSE.NotSameOrigin @ https://img1.hentaicdn.com/hentai/cover/avif/_S41577.jpg.avif:0
[    3335ms] [ERROR] Failed to load resource: net::ERR_BLOCKED_BY_RESPONSE.NotSameOrigin @ https://img1.hentaicdn.com/hentai/cover/avif/_S67957.jpg.avif:0
[    3335ms] [ERROR] Failed to load resource: net::ERR_BLOCKED_BY_RESPONSE.NotSameOrigin @ https://img1.hentaicdn.com/hentai/cover/avif/_S64411.jpg.avif:0
[    3375ms] [ERROR] Failed to load resource: net::ERR_BLOCKED_BY_RESPONSE.NotSameOrigin @ https://img1.hentaicdn.com/hentai/cover/avif/_S69867.jpg.avif:0
[    3375ms] [ERROR] Failed to load resource: net::ERR_BLOCKED_BY_RESPONSE.NotSameOrigin @ https://img1.hentaicdn.com/hentai/cover/avif/_S53595.jpg.avif:0
[    3375ms] [ERROR] Failed to load resource: net::ERR_BLOCKED_BY_RESPONSE.NotSameOrigin @ https://img1.hentaicdn.com/hentai/cover/avif/_S69216.jpg.avif:0
[    3388ms] [ERROR] Failed to load resource: net::ERR_BLOCKED_BY_RESPONSE.NotSameOrigin @ https://img1.hentaicdn.com/hentai/cover/avif/_S70605.jpg.avif:0
[    3454ms] [ERROR] Failed to load resource: net::ERR_BLOCKED_BY_RESPONSE.NotSameOrigin @ https://img1.hentaicdn.com/hentai/cover/avif/_S54624.jpg.avif:0
[    3503ms] [ERROR] Failed to load resource: net::ERR_BLOCKED_BY_RESPONSE.NotSameOrigin @ https://img1.hentaicdn.com/hentai/cover/avif/_S36138.jpg.avif:0
[    3503ms] [ERROR] Failed to load resource: net::ERR_BLOCKED_BY_RESPONSE.NotSameOrigin @ https://img1.hentaicdn.com/hentai/cover/avif/_S57088.jpg.avif:0
[    3503ms] [ERROR] Failed to load resource: net::ERR_BLOCKED_BY_RESPONSE.NotSameOrigin @ https://img1.hentaicdn.com/hentai/cover/avif/_S66884.jpg.avif:0
[    3526ms] [ERROR] Failed to load resource: net::ERR_BLOCKED_BY_RESPONSE.NotSameOrigin @ https://img1.hentaicdn.com/hentai/cover/avif/_S54923.jpg.avif:0
[    3526ms] [ERROR] Failed to load resource: net::ERR_BLOCKED_BY_RESPONSE.NotSameOrigin @ https://img1.hentaicdn.com/hentai/cover/avif/_S60439.jpg.avif:0
[    3526ms] [ERROR] Failed to load resource: net::ERR_BLOCKED_BY_RESPONSE.NotSameOrigin @ https://img1.hentaicdn.com/hentai/cover/avif/_S49716.jpg.avif:0
