[     669ms] [ERROR] Failed to load resource: the server responded with a status of 404 () @ https://comics.8muses.com/comics/picture/fakku-comics/In-Every-Sense/1:0
[     692ms] [ERROR] TypeError: Cannot read properties of undefined (reading 'length')

function(){var n,t=this.get("page"),e=this.get("pictures"),t=(n=[t-1,t+1,t+2,t+3].map(function(t){return((t-1)%e.length+e.length)%e.length+1})).filter(function(t,e){return n.indexOf(t)===e});return 2<t.length?t:[t[0],t[0]]}

TypeError: Cannot read properties of undefined (reading 'length')
    at https://comics.8muses.com/js/bundle-guest.js?v=fb752eafc5b9e4e4bccd701dc67a256f97190d1f:1:50395
    at Array.map (<anonymous>)
    at s.nearby (https://comics.8muses.com/js/bundle-guest.js?v=fb752eafc5b9e4e4bccd701dc67a256f97190d1f:1:50364)
    at n.getValue (https://cdn.jsdelivr.net/npm/ractive@1.3.7/runtime.min.js:5:22068)
    at e.get (https://cdn.jsdelivr.net/npm/ractive@1.3.7/runtime.min.js:5:21617)
    at n.get (https://cdn.jsdelivr.net/npm/ractive@1.3.7/runtime.min.js:5:20571)
    at n.get (https://cdn.jsdelivr.net/npm/ractive@1.3.7/runtime.min.js:3:14907)
    at https://cdn.jsdelivr.net/npm/ractive@1.3.7/runtime.min.js:5:24242
    at Array.map (<anonymous>)
    at e.getValue (https://cdn.jsdelivr.net/npm/ractive@1.3.7/runtime.min.js:5:24215) @ https://cdn.jsdelivr.net/npm/ractive@1.3.7/runtime.min.js:4
[     695ms] [ERROR] TypeError: Cannot read properties of undefined (reading 'filter')

function(){return this.get("tags").filter(function(t){return 5<=t.votes})}

TypeError: Cannot read properties of undefined (reading 'filter')
    at s.appliedAlbumTags (https://comics.8muses.com/js/bundle-guest.js?v=fb752eafc5b9e4e4bccd701dc67a256f97190d1f:1:42697)
    at n.getValue (https://cdn.jsdelivr.net/npm/ractive@1.3.7/runtime.min.js:5:22068)
    at e.get (https://cdn.jsdelivr.net/npm/ractive@1.3.7/runtime.min.js:5:21617)
    at n.get (https://cdn.jsdelivr.net/npm/ractive@1.3.7/runtime.min.js:5:20571)
    at https://cdn.jsdelivr.net/npm/ractive@1.3.7/runtime.min.js:5:24242
    at Array.map (<anonymous>)
    at e.getValue (https://cdn.jsdelivr.net/npm/ractive@1.3.7/runtime.min.js:5:24215)
    at e.get (https://cdn.jsdelivr.net/npm/ractive@1.3.7/runtime.min.js:5:21617)
    at e.bind (https://cdn.jsdelivr.net/npm/ractive@1.3.7/runtime.min.js:5:27404)
    at e.bind (https://cdn.jsdelivr.net/npm/ractive@1.3.7/runtime.min.js:6:15636) @ https://cdn.jsdelivr.net/npm/ractive@1.3.7/runtime.min.js:4
[     707ms] TypeError: Cannot read properties of undefined (reading 'forEach')
    at s.oninit (https://comics.8muses.com/js/bundle-guest.js?v=fb752eafc5b9e4e4bccd701dc67a256f97190d1f:1:50675)
    at Ga.fire (https://cdn.jsdelivr.net/npm/ractive@1.3.7/runtime.min.js:3:26390)
    at Xt (https://cdn.jsdelivr.net/npm/ractive@1.3.7/runtime.min.js:1:15305)
    at Wa.end (https://cdn.jsdelivr.net/npm/ractive@1.3.7/runtime.min.js:3:26650)
    at Kr (https://cdn.jsdelivr.net/npm/ractive@1.3.7/runtime.min.js:2:27227)
    at new s (https://cdn.jsdelivr.net/npm/ractive@1.3.7/runtime.min.js:3:1727)
    at b.init (https://cdn.jsdelivr.net/npm/ractive-route@0.3.9/ractive-route.min.js:12:3463)
    at g.dispatch (https://cdn.jsdelivr.net/npm/ractive-route@0.3.9/ractive-route.min.js:12:4671)
    at g.init (https://cdn.jsdelivr.net/npm/ractive-route@0.3.9/ractive-route.min.js:12:4930)
    at https://comics.8muses.com/js/bundle-guest.js?v=fb752eafc5b9e4e4bccd701dc67a256f97190d1f:1:84835
[     727ms] [ERROR] Failed to load resource: net::ERR_ADDRESS_INVALID @ https://mc.yandex.ru/watch/33013864?wmode=7&page-url=https%3A%2F%2Fcomics.8muses.com%2Fcomics%2Fpicture%2Ffakku-comics%2FIn-Every-Sense%2F1&charset=utf-8&uah=chu%0A%22Chromium%22%3Bv%3D%22147%22%2C%22Not.A%2FBrand%22%3Bv%3D%228%22%0Acha%0Ax86%0Achb%0A64%0Achf%0A147.0.7727.15%0Achl%0A%22Chromium%22%3Bv%3D%22147.0.7727.15%22%2C%22Not.A%2FBrand%22%3Bv%3D%228.0.0.0%22%0Achm%0A%3F0%0Achp%0AWindows%0Achv%0A19.0.0&browser-info=pv%3A1%3Avf%3A1qaab9rnnwylr2sptt1pjnjwxlf33%3Afu%3A0%3Aen%3Autf-8%3Ala%3Aen-US%3Av%3A2470%3Acn%3A1%3Adp%3A0%3Als%3A1153670905618%3Ahid%3A165541717%3Az%3A330%3Ai%3A20260424190433%3Aet%3A1777037674%3Ac%3A1%3Arn%3A945703695%3Arqn%3A6%3Au%3A1777025136603428438%3Aw%3A1280x720%3As%3A1280x720x24%3Ask%3A1%3Awv%3A2%3Ads%3A0%2C32%2C625%2C1%2C1%2C0%2C%2C45%2C0%2C%2C%2C%2C705%3Aco%3A0%3Ahdl%3A1%3Acpf%3A1%3Ans%3A1777037672813%3Aadb%3A2%3Arqnl%3A1%3Ast%3A1777037674%3At%3A8muses%20-%20Free%20Sex%20Comics%20And%20Adult%20Cartoons.%20Full%20Porn%20Comics%2C%203D%20Porn%20and%20More&t=gdpr(14)clc(0-0-0)rqnt(1)aw(1)rcm(0)cdl(na)eco(21038592)ti(1):0
[     731ms] [ERROR] Failed to load resource: net::ERR_ADDRESS_INVALID @ https://mc.yandex.ru/watch/33013864?wmode=7&page-url=https%3A%2F%2Fcomics.8muses.com%2Fcomics%2Fpicture%2Ffakku-comics%2FIn-Every-Sense%2F1&charset=utf-8&uah=chu%0A%22Chromium%22%3Bv%3D%22147%22%2C%22Not.A%2FBrand%22%3Bv%3D%228%22%0Acha%0Ax86%0Achb%0A64%0Achf%0A147.0.7727.15%0Achl%0A%22Chromium%22%3Bv%3D%22147.0.7727.15%22%2C%22Not.A%2FBrand%22%3Bv%3D%228.0.0.0%22%0Achm%0A%3F0%0Achp%0AWindows%0Achv%0A19.0.0&browser-info=pv%3A1%3Avf%3A1qaab9rnnwylr2sptt1pjnjwxlf33%3Afu%3A0%3Aen%3Autf-8%3Ala%3Aen-US%3Av%3A2470%3Acn%3A1%3Adp%3A0%3Als%3A1153670905618%3Ahid%3A165541717%3Az%3A330%3Ai%3A20260424190433%3Aet%3A1777037674%3Ac%3A1%3Arn%3A945703695%3Arqn%3A6%3Au%3A1777025136603428438%3Aw%3A1280x720%3As%3A1280x720x24%3Ask%3A1%3Awv%3A2%3Ads%3A0%2C32%2C625%2C1%2C1%2C0%2C%2C45%2C0%2C%2C%2C%2C705%3Aco%3A0%3Ahdl%3A1%3Acpf%3A1%3Ans%3A1777037672813%3Aadb%3A2%3Arqnl%3A1%3Ast%3A1777037674%3At%3A8muses%20-%20Free%20Sex%20Comics%20And%20Adult%20Cartoons.%20Full%20Porn%20Comics%2C%203D%20Porn%20and%20More&t=gdpr(14)clc(0-0-0)rqnt(1)aw(1)rcm(0)cdl(na)eco(21038592)ti(2):0
[     733ms] [ERROR] Failed to load resource: net::ERR_ADDRESS_INVALID @ https://mc.yandex.ru/watch/33013864?callback=_ymjsp915252682&page-url=https%3A%2F%2Fcomics.8muses.com%2Fcomics%2Fpicture%2Ffakku-comics%2FIn-Every-Sense%2F1&charset=utf-8&uah=chu%0A%22Chromium%22%3Bv%3D%22147%22%2C%22Not.A%2FBrand%22%3Bv%3D%228%22%0Acha%0Ax86%0Achb%0A64%0Achf%0A147.0.7727.15%0Achl%0A%22Chromium%22%3Bv%3D%22147.0.7727.15%22%2C%22Not.A%2FBrand%22%3Bv%3D%228.0.0.0%22%0Achm%0A%3F0%0Achp%0AWindows%0Achv%0A19.0.0&browser-info=pv%3A1%3Avf%3A1qaab9rnnwylr2sptt1pjnjwxlf33%3Afu%3A0%3Aen%3Autf-8%3Ala%3Aen-US%3Av%3A2470%3Acn%3A1%3Adp%3A0%3Als%3A1153670905618%3Ahid%3A165541717%3Az%3A330%3Ai%3A20260424190433%3Aet%3A1777037674%3Ac%3A1%3Arn%3A945703695%3Arqn%3A6%3Au%3A1777025136603428438%3Aw%3A1280x720%3As%3A1280x720x24%3Ask%3A1%3Awv%3A2%3Ads%3A0%2C32%2C625%2C1%2C1%2C0%2C%2C45%2C0%2C%2C%2C%2C705%3Aco%3A0%3Ahdl%3A1%3Acpf%3A1%3Ans%3A1777037672813%3Aadb%3A2%3Arqnl%3A1%3Ast%3A1777037674%3At%3A8muses%20-%20Free%20Sex%20Comics%20And%20Adult%20Cartoons.%20Full%20Porn%20Comics%2C%203D%20Porn%20and%20More&t=gdpr(14)clc(0-0-0)rqnt(1)aw(1)rcm(0)cdl(na)eco(21038592)ti(3)&wmode=5:0
[     735ms] [ERROR] Failed to load resource: net::ERR_ADDRESS_INVALID @ https://mc.webvisor.org/watch/33013864?wmode=7&page-url=https%3A%2F%2Fcomics.8muses.com%2Fcomics%2Fpicture%2Ffakku-comics%2FIn-Every-Sense%2F1&charset=utf-8&uah=chu%0A%22Chromium%22%3Bv%3D%22147%22%2C%22Not.A%2FBrand%22%3Bv%3D%228%22%0Acha%0Ax86%0Achb%0A64%0Achf%0A147.0.7727.15%0Achl%0A%22Chromium%22%3Bv%3D%22147.0.7727.15%22%2C%22Not.A%2FBrand%22%3Bv%3D%228.0.0.0%22%0Achm%0A%3F0%0Achp%0AWindows%0Achv%0A19.0.0&browser-info=pv%3A1%3Avf%3A1qaab9rnnwylr2sptt1pjnjwxlf33%3Afu%3A0%3Aen%3Autf-8%3Ala%3Aen-US%3Av%3A2470%3Acn%3A1%3Adp%3A0%3Als%3A1153670905618%3Ahid%3A165541717%3Az%3A330%3Ai%3A20260424190433%3Aet%3A1777037674%3Ac%3A1%3Arn%3A945703695%3Arqn%3A6%3Au%3A1777025136603428438%3Aw%3A1280x720%3As%3A1280x720x24%3Ask%3A1%3Awv%3A2%3Ads%3A0%2C32%2C625%2C1%2C1%2C0%2C%2C45%2C0%2C%2C%2C%2C705%3Aco%3A0%3Ahdl%3A1%3Acpf%3A1%3Ans%3A1777037672813%3Aadb%3A2%3Arqnl%3A1%3Ast%3A1777037674%3At%3A8muses%20-%20Free%20Sex%20Comics%20And%20Adult%20Cartoons.%20Full%20Porn%20Comics%2C%203D%20Porn%20and%20More&t=gdpr(14)clc(0-0-0)rqnt(1)aw(1)rcm(0)cdl(na)eco(21038592)ti(1):0
[     738ms] [ERROR] Failed to load resource: net::ERR_ADDRESS_INVALID @ https://mc.webvisor.org/watch/33013864?wmode=7&page-url=https%3A%2F%2Fcomics.8muses.com%2Fcomics%2Fpicture%2Ffakku-comics%2FIn-Every-Sense%2F1&charset=utf-8&uah=chu%0A%22Chromium%22%3Bv%3D%22147%22%2C%22Not.A%2FBrand%22%3Bv%3D%228%22%0Acha%0Ax86%0Achb%0A64%0Achf%0A147.0.7727.15%0Achl%0A%22Chromium%22%3Bv%3D%22147.0.7727.15%22%2C%22Not.A%2FBrand%22%3Bv%3D%228.0.0.0%22%0Achm%0A%3F0%0Achp%0AWindows%0Achv%0A19.0.0&browser-info=pv%3A1%3Avf%3A1qaab9rnnwylr2sptt1pjnjwxlf33%3Afu%3A0%3Aen%3Autf-8%3Ala%3Aen-US%3Av%3A2470%3Acn%3A1%3Adp%3A0%3Als%3A1153670905618%3Ahid%3A165541717%3Az%3A330%3Ai%3A20260424190433%3Aet%3A1777037674%3Ac%3A1%3Arn%3A945703695%3Arqn%3A6%3Au%3A1777025136603428438%3Aw%3A1280x720%3As%3A1280x720x24%3Ask%3A1%3Awv%3A2%3Ads%3A0%2C32%2C625%2C1%2C1%2C0%2C%2C45%2C0%2C%2C%2C%2C705%3Aco%3A0%3Ahdl%3A1%3Acpf%3A1%3Ans%3A1777037672813%3Aadb%3A2%3Arqnl%3A1%3Ast%3A1777037674%3At%3A8muses%20-%20Free%20Sex%20Comics%20And%20Adult%20Cartoons.%20Full%20Porn%20Comics%2C%203D%20Porn%20and%20More&t=gdpr(14)clc(0-0-0)rqnt(1)aw(1)rcm(0)cdl(na)eco(21038592)ti(2):0
[     739ms] [ERROR] Failed to load resource: net::ERR_ADDRESS_INVALID @ https://mc.webvisor.org/watch/33013864?callback=_ymjsp168004368&page-url=https%3A%2F%2Fcomics.8muses.com%2Fcomics%2Fpicture%2Ffakku-comics%2FIn-Every-Sense%2F1&charset=utf-8&uah=chu%0A%22Chromium%22%3Bv%3D%22147%22%2C%22Not.A%2FBrand%22%3Bv%3D%228%22%0Acha%0Ax86%0Achb%0A64%0Achf%0A147.0.7727.15%0Achl%0A%22Chromium%22%3Bv%3D%22147.0.7727.15%22%2C%22Not.A%2FBrand%22%3Bv%3D%228.0.0.0%22%0Achm%0A%3F0%0Achp%0AWindows%0Achv%0A19.0.0&browser-info=pv%3A1%3Avf%3A1qaab9rnnwylr2sptt1pjnjwxlf33%3Afu%3A0%3Aen%3Autf-8%3Ala%3Aen-US%3Av%3A2470%3Acn%3A1%3Adp%3A0%3Als%3A1153670905618%3Ahid%3A165541717%3Az%3A330%3Ai%3A20260424190433%3Aet%3A1777037674%3Ac%3A1%3Arn%3A945703695%3Arqn%3A6%3Au%3A1777025136603428438%3Aw%3A1280x720%3As%3A1280x720x24%3Ask%3A1%3Awv%3A2%3Ads%3A0%2C32%2C625%2C1%2C1%2C0%2C%2C45%2C0%2C%2C%2C%2C705%3Aco%3A0%3Ahdl%3A1%3Acpf%3A1%3Ans%3A1777037672813%3Aadb%3A2%3Arqnl%3A1%3Ast%3A1777037674%3At%3A8muses%20-%20Free%20Sex%20Comics%20And%20Adult%20Cartoons.%20Full%20Porn%20Comics%2C%203D%20Porn%20and%20More&t=gdpr(14)clc(0-0-0)rqnt(1)aw(1)rcm(0)cdl(na)eco(21038592)ti(3)&wmode=5:0
