[     917ms] [WARNING] Failed to execute 'postMessage' on 'DOMWindow': The target origin provided ('https://challenges.cloudflare.com') does not match the recipient window's origin ('https://hentairead.com'). @ https://challenges.cloudflare.com/turnstile/v0/api.js:0
[    1068ms] [LOG] The next request for the Private Access Token challenge may return a 401 and show a warning in console. @ https://challenges.cloudflare.com/cdn-cgi/challenge-platform/h/g/turnstile/f/ov2/av0/rch/1wez9/0x4AAAAAACgeLu06j62qOJgz/auto/fbE/auto_timeout/normal?lang=auto:0
[ -132965ms] [ERROR] Permissions policy violation: xr-spatial-tracking is not allowed in this document. @ https://challenges.cloudflare.com/cdn-cgi/challenge-platform/h/g/turnstile/f/ov2/av0/rch/ie8ap/0x4AAAAAACgeLu06j62qOJgz/auto/fbE/new/normal?lang=auto:0
[ -132960ms] [ERROR] Permissions policy violation: xr-spatial-tracking is not allowed in this document. @ https://challenges.cloudflare.com/cdn-cgi/challenge-platform/h/g/turnstile/f/ov2/av0/rch/ie8ap/0x4AAAAAACgeLu06j62qOJgz/auto/fbE/new/normal?lang=auto:0
[ -130855ms] [ERROR] Failed to load resource: the server responded with a status of 401 () @ https://challenges.cloudflare.com/cdn-cgi/challenge-platform/h/g/pat/9f19ac562cc74a26/1777081578973/7abad19804ff365d72818ea79107ca75ab817665f9799fadec81ea1b04cde3c9/2Aul3SW4afsN2b1:0
[ -130007ms] [WARNING] The resource https://challenges.cloudflare.com/cdn-cgi/challenge-platform/h/g/cmg/1 was preloaded using link preload but not used within a few seconds from the window's load event. Please make sure it has an appropriate `as` value and it is preloaded intentionally. @ https://challenges.cloudflare.com/cdn-cgi/challenge-platform/h/g/turnstile/f/ov2/av0/rch/ie8ap/0x4AAAAAACgeLu06j62qOJgz/auto/fbE/new/normal?lang=auto:0
[ -129255ms] [ERROR] This document requires 'TrustedHTML' assignment. The action has been blocked. @ https://challenges.cloudflare.com/cdn-cgi/challenge-platform/h/g/turnstile/f/ov2/av0/rch/rmtlq/0x4AAAAAACgeLu06j62qOJgz/auto/fbE/new/normal?lang=auto:0
[ -129249ms] [ERROR] This document requires 'TrustedHTML' assignment. The action has been blocked. @ https://challenges.cloudflare.com/cdn-cgi/challenge-platform/h/g/turnstile/f/ov2/av0/rch/rmtlq/0x4AAAAAACgeLu06j62qOJgz/auto/fbE/new/normal?lang=auto:0
[ -129248ms] [ERROR] This document requires 'TrustedScript' assignment. The action has been blocked. @ https://challenges.cloudflare.com/cdn-cgi/challenge-platform/h/g/turnstile/f/ov2/av0/rch/rmtlq/0x4AAAAAACgeLu06j62qOJgz/auto/fbE/new/normal?lang=auto:0
[ -129248ms] [ERROR] This document requires 'TrustedScript' assignment. The action has been blocked. @ https://challenges.cloudflare.com/cdn-cgi/challenge-platform/h/g/turnstile/f/ov2/av0/rch/rmtlq/0x4AAAAAACgeLu06j62qOJgz/auto/fbE/new/normal?lang=auto:0
[ -129246ms] [ERROR] This document requires 'TrustedScriptURL' assignment. The action has been blocked. @ https://challenges.cloudflare.com/cdn-cgi/challenge-platform/h/g/turnstile/f/ov2/av0/rch/rmtlq/0x4AAAAAACgeLu06j62qOJgz/auto/fbE/new/normal?lang=auto:0
[ -129246ms] [ERROR] This document requires 'TrustedScriptURL' assignment. The action has been blocked. @ https://challenges.cloudflare.com/cdn-cgi/challenge-platform/h/g/turnstile/f/ov2/av0/rch/rmtlq/0x4AAAAAACgeLu06j62qOJgz/auto/fbE/new/normal?lang=auto:0
[ -129073ms] [ERROR] Executing inline script violates the following Content Security Policy directive 'script-src 'nonce-knyAZhSk4QRdunApgu1IJH' 'unsafe-eval''. Either the 'unsafe-inline' keyword, a hash ('sha256-eJGI0Ik4oYe/PKLDOt4wcN76wYs8h+Ew05pMzdY6xG8='), or a nonce ('nonce-...') is required to enable inline execution. The action has been blocked. @ about:srcdoc:0
[ -129072ms] [ERROR] Executing inline script violates the following Content Security Policy directive 'script-src 'nonce-knyAZhSk4QRdunApgu1IJH' 'unsafe-eval''. Either the 'unsafe-inline' keyword, a hash ('sha256-eJGI0Ik4oYe/PKLDOt4wcN76wYs8h+Ew05pMzdY6xG8='), or a nonce ('nonce-...') is required to enable inline execution. The action has been blocked. @ about:srcdoc:0
[ -129070ms] [ERROR] This document requires 'TrustedScript' assignment. The action has been blocked. @ https://challenges.cloudflare.com/cdn-cgi/challenge-platform/h/g/turnstile/f/ov2/av0/rch/rmtlq/0x4AAAAAACgeLu06j62qOJgz/auto/fbE/new/normal?lang=auto:0
[ -129070ms] [ERROR] This document requires 'TrustedScript' assignment. The action has been blocked. @ https://challenges.cloudflare.com/cdn-cgi/challenge-platform/h/g/turnstile/f/ov2/av0/rch/rmtlq/0x4AAAAAACgeLu06j62qOJgz/auto/fbE/new/normal?lang=auto:0
[ -128812ms] [ERROR] This document requires 'TrustedHTML' assignment. The action has been blocked. @ https://challenges.cloudflare.com/cdn-cgi/challenge-platform/h/g/turnstile/f/ov2/av0/rch/9fob4/0x4AAAAAACgeLu06j62qOJgz/auto/fbE/new/normal?lang=auto:0
[ -128812ms] [ERROR] This document requires 'TrustedHTML' assignment. The action has been blocked. @ https://challenges.cloudflare.com/cdn-cgi/challenge-platform/h/g/turnstile/f/ov2/av0/rch/9fob4/0x4AAAAAACgeLu06j62qOJgz/auto/fbE/new/normal?lang=auto:0
[ -128811ms] [ERROR] This document requires 'TrustedScript' assignment. The action has been blocked. @ https://challenges.cloudflare.com/cdn-cgi/challenge-platform/h/g/turnstile/f/ov2/av0/rch/9fob4/0x4AAAAAACgeLu06j62qOJgz/auto/fbE/new/normal?lang=auto:0
[ -128811ms] [ERROR] This document requires 'TrustedScript' assignment. The action has been blocked. @ https://challenges.cloudflare.com/cdn-cgi/challenge-platform/h/g/turnstile/f/ov2/av0/rch/9fob4/0x4AAAAAACgeLu06j62qOJgz/auto/fbE/new/normal?lang=auto:0
[ -128810ms] [ERROR] This document requires 'TrustedScriptURL' assignment. The action has been blocked. @ https://challenges.cloudflare.com/cdn-cgi/challenge-platform/h/g/turnstile/f/ov2/av0/rch/9fob4/0x4AAAAAACgeLu06j62qOJgz/auto/fbE/new/normal?lang=auto:0
[ -128810ms] [ERROR] This document requires 'TrustedScriptURL' assignment. The action has been blocked. @ https://challenges.cloudflare.com/cdn-cgi/challenge-platform/h/g/turnstile/f/ov2/av0/rch/9fob4/0x4AAAAAACgeLu06j62qOJgz/auto/fbE/new/normal?lang=auto:0
[ -128621ms] [ERROR] Executing inline script violates the following Content Security Policy directive 'script-src 'nonce-hvv7PJS7yhbTbej57y9XjD' 'unsafe-eval''. Either the 'unsafe-inline' keyword, a hash ('sha256-eJGI0Ik4oYe/PKLDOt4wcN76wYs8h+Ew05pMzdY6xG8='), or a nonce ('nonce-...') is required to enable inline execution. The action has been blocked. @ about:srcdoc:0
[ -128621ms] [ERROR] Executing inline script violates the following Content Security Policy directive 'script-src 'nonce-hvv7PJS7yhbTbej57y9XjD' 'unsafe-eval''. Either the 'unsafe-inline' keyword, a hash ('sha256-eJGI0Ik4oYe/PKLDOt4wcN76wYs8h+Ew05pMzdY6xG8='), or a nonce ('nonce-...') is required to enable inline execution. The action has been blocked. @ about:srcdoc:0
[ -128621ms] [ERROR] This document requires 'TrustedScript' assignment. The action has been blocked. @ https://challenges.cloudflare.com/cdn-cgi/challenge-platform/h/g/turnstile/f/ov2/av0/rch/9fob4/0x4AAAAAACgeLu06j62qOJgz/auto/fbE/new/normal?lang=auto:0
[ -128620ms] [ERROR] This document requires 'TrustedScript' assignment. The action has been blocked. @ https://challenges.cloudflare.com/cdn-cgi/challenge-platform/h/g/turnstile/f/ov2/av0/rch/9fob4/0x4AAAAAACgeLu06j62qOJgz/auto/fbE/new/normal?lang=auto:0
[ -128531ms] [WARNING] Form submission canceled because the form is not connected @ https://challenges.cloudflare.com/cdn-cgi/challenge-platform/h/g/turnstile/f/ov2/av0/rch/1wez9/0x4AAAAAACgeLu06j62qOJgz/auto/fbE/new/normal?lang=auto:0
[ -128375ms] [ERROR] This document requires 'TrustedHTML' assignment. The action has been blocked. @ https://challenges.cloudflare.com/cdn-cgi/challenge-platform/h/g/turnstile/f/ov2/av0/rch/ie8ap/0x4AAAAAACgeLu06j62qOJgz/auto/fbE/new/normal?lang=auto:0
[ -128375ms] [ERROR] This document requires 'TrustedHTML' assignment. The action has been blocked. @ https://challenges.cloudflare.com/cdn-cgi/challenge-platform/h/g/turnstile/f/ov2/av0/rch/ie8ap/0x4AAAAAACgeLu06j62qOJgz/auto/fbE/new/normal?lang=auto:0
[ -128374ms] [ERROR] This document requires 'TrustedScript' assignment. The action has been blocked. @ https://challenges.cloudflare.com/cdn-cgi/challenge-platform/h/g/turnstile/f/ov2/av0/rch/ie8ap/0x4AAAAAACgeLu06j62qOJgz/auto/fbE/new/normal?lang=auto:0
[ -128374ms] [ERROR] This document requires 'TrustedScript' assignment. The action has been blocked. @ https://challenges.cloudflare.com/cdn-cgi/challenge-platform/h/g/turnstile/f/ov2/av0/rch/ie8ap/0x4AAAAAACgeLu06j62qOJgz/auto/fbE/new/normal?lang=auto:0
[ -128374ms] [ERROR] This document requires 'TrustedScriptURL' assignment. The action has been blocked. @ https://challenges.cloudflare.com/cdn-cgi/challenge-platform/h/g/turnstile/f/ov2/av0/rch/ie8ap/0x4AAAAAACgeLu06j62qOJgz/auto/fbE/new/normal?lang=auto:0
[ -128374ms] [ERROR] This document requires 'TrustedScriptURL' assignment. The action has been blocked. @ https://challenges.cloudflare.com/cdn-cgi/challenge-platform/h/g/turnstile/f/ov2/av0/rch/ie8ap/0x4AAAAAACgeLu06j62qOJgz/auto/fbE/new/normal?lang=auto:0
[ -128366ms] [ERROR] Executing inline script violates the following Content Security Policy directive 'script-src 'nonce-eAIYlFxzLycgPJvqDpxhc4' 'unsafe-eval''. Either the 'unsafe-inline' keyword, a hash ('sha256-eJGI0Ik4oYe/PKLDOt4wcN76wYs8h+Ew05pMzdY6xG8='), or a nonce ('nonce-...') is required to enable inline execution. The action has been blocked. @ about:srcdoc:0
[ -128366ms] [ERROR] Executing inline script violates the following Content Security Policy directive 'script-src 'nonce-eAIYlFxzLycgPJvqDpxhc4' 'unsafe-eval''. Either the 'unsafe-inline' keyword, a hash ('sha256-eJGI0Ik4oYe/PKLDOt4wcN76wYs8h+Ew05pMzdY6xG8='), or a nonce ('nonce-...') is required to enable inline execution. The action has been blocked. @ about:srcdoc:0
[ -128365ms] [ERROR] This document requires 'TrustedScript' assignment. The action has been blocked. @ https://challenges.cloudflare.com/cdn-cgi/challenge-platform/h/g/turnstile/f/ov2/av0/rch/ie8ap/0x4AAAAAACgeLu06j62qOJgz/auto/fbE/new/normal?lang=auto:0
[ -128365ms] [ERROR] This document requires 'TrustedScript' assignment. The action has been blocked. @ https://challenges.cloudflare.com/cdn-cgi/challenge-platform/h/g/turnstile/f/ov2/av0/rch/ie8ap/0x4AAAAAACgeLu06j62qOJgz/auto/fbE/new/normal?lang=auto:0
[ -128342ms] [ERROR] This document requires 'TrustedHTML' assignment. The action has been blocked. @ https://challenges.cloudflare.com/cdn-cgi/challenge-platform/h/g/turnstile/f/ov2/av0/rch/1wez9/0x4AAAAAACgeLu06j62qOJgz/auto/fbE/new/normal?lang=auto:0
[ -128342ms] [ERROR] This document requires 'TrustedHTML' assignment. The action has been blocked. @ https://challenges.cloudflare.com/cdn-cgi/challenge-platform/h/g/turnstile/f/ov2/av0/rch/1wez9/0x4AAAAAACgeLu06j62qOJgz/auto/fbE/new/normal?lang=auto:0
[ -128341ms] [ERROR] This document requires 'TrustedScript' assignment. The action has been blocked. @ https://challenges.cloudflare.com/cdn-cgi/challenge-platform/h/g/turnstile/f/ov2/av0/rch/1wez9/0x4AAAAAACgeLu06j62qOJgz/auto/fbE/new/normal?lang=auto:0
[ -128341ms] [ERROR] This document requires 'TrustedScript' assignment. The action has been blocked. @ https://challenges.cloudflare.com/cdn-cgi/challenge-platform/h/g/turnstile/f/ov2/av0/rch/1wez9/0x4AAAAAACgeLu06j62qOJgz/auto/fbE/new/normal?lang=auto:0
[ -128341ms] [ERROR] This document requires 'TrustedScriptURL' assignment. The action has been blocked. @ https://challenges.cloudflare.com/cdn-cgi/challenge-platform/h/g/turnstile/f/ov2/av0/rch/1wez9/0x4AAAAAACgeLu06j62qOJgz/auto/fbE/new/normal?lang=auto:0
[ -128340ms] [ERROR] This document requires 'TrustedScriptURL' assignment. The action has been blocked. @ https://challenges.cloudflare.com/cdn-cgi/challenge-platform/h/g/turnstile/f/ov2/av0/rch/1wez9/0x4AAAAAACgeLu06j62qOJgz/auto/fbE/new/normal?lang=auto:0
[ -128300ms] [ERROR] Executing inline script violates the following Content Security Policy directive 'script-src 'nonce-8VOtFFhQ4jliAmGJkcswyn' 'unsafe-eval''. Either the 'unsafe-inline' keyword, a hash ('sha256-eJGI0Ik4oYe/PKLDOt4wcN76wYs8h+Ew05pMzdY6xG8='), or a nonce ('nonce-...') is required to enable inline execution. The action has been blocked. @ about:srcdoc:0
[ -128300ms] [ERROR] Executing inline script violates the following Content Security Policy directive 'script-src 'nonce-8VOtFFhQ4jliAmGJkcswyn' 'unsafe-eval''. Either the 'unsafe-inline' keyword, a hash ('sha256-eJGI0Ik4oYe/PKLDOt4wcN76wYs8h+Ew05pMzdY6xG8='), or a nonce ('nonce-...') is required to enable inline execution. The action has been blocked. @ about:srcdoc:0
[ -128299ms] [ERROR] This document requires 'TrustedScript' assignment. The action has been blocked. @ https://challenges.cloudflare.com/cdn-cgi/challenge-platform/h/g/turnstile/f/ov2/av0/rch/1wez9/0x4AAAAAACgeLu06j62qOJgz/auto/fbE/new/normal?lang=auto:0
[ -128299ms] [ERROR] This document requires 'TrustedScript' assignment. The action has been blocked. @ https://challenges.cloudflare.com/cdn-cgi/challenge-platform/h/g/turnstile/f/ov2/av0/rch/1wez9/0x4AAAAAACgeLu06j62qOJgz/auto/fbE/new/normal?lang=auto:0
[ -128213ms] [ERROR] Permissions policy violation: xr-spatial-tracking is not allowed in this document. @ https://challenges.cloudflare.com/cdn-cgi/challenge-platform/h/g/turnstile/f/ov2/av0/rch/9fob4/0x4AAAAAACgeLu06j62qOJgz/auto/fbE/new/normal?lang=auto:0
[ -128212ms] [ERROR] Permissions policy violation: xr-spatial-tracking is not allowed in this document. @ https://challenges.cloudflare.com/cdn-cgi/challenge-platform/h/g/turnstile/f/ov2/av0/rch/9fob4/0x4AAAAAACgeLu06j62qOJgz/auto/fbE/new/normal?lang=auto:0
[ -127665ms] [ERROR] Failed to load resource: the server responded with a status of 401 () @ https://challenges.cloudflare.com/cdn-cgi/challenge-platform/h/g/pat/9f19ac562ccb4a26/1777081579398/004eb2840c8bb416b56e3772ec6367d1becc3f18f9dbbbd745967aa0dac0a1cc/iFjPelcq7cGaShw:0
[ -127456ms] [ERROR] Permissions policy violation: xr-spatial-tracking is not allowed in this document. @ https://challenges.cloudflare.com/cdn-cgi/challenge-platform/h/g/turnstile/f/ov2/av0/rch/wip7p/0x4AAAAAACgeLu06j62qOJgz/auto/fbE/new/normal?lang=auto:0
[ -127456ms] [ERROR] Permissions policy violation: xr-spatial-tracking is not allowed in this document. @ https://challenges.cloudflare.com/cdn-cgi/challenge-platform/h/g/turnstile/f/ov2/av0/rch/wip7p/0x4AAAAAACgeLu06j62qOJgz/auto/fbE/new/normal?lang=auto:0
[ -126891ms] [ERROR] Permissions policy violation: xr-spatial-tracking is not allowed in this document. @ https://challenges.cloudflare.com/cdn-cgi/challenge-platform/h/g/turnstile/f/ov2/av0/rch/1wez9/0x4AAAAAACgeLu06j62qOJgz/auto/fbE/new/normal?lang=auto:0
[ -126890ms] [ERROR] Permissions policy violation: xr-spatial-tracking is not allowed in this document. @ https://challenges.cloudflare.com/cdn-cgi/challenge-platform/h/g/turnstile/f/ov2/av0/rch/1wez9/0x4AAAAAACgeLu06j62qOJgz/auto/fbE/new/normal?lang=auto:0
[ -126534ms] [ERROR] Failed to load resource: the server responded with a status of 401 () @ https://challenges.cloudflare.com/cdn-cgi/challenge-platform/h/g/pat/9f19ac562cca4a26/1777081579437/c3261fef817108f20576ff8514843f9fc81130903aba3bb450b65a05cfba4289/PRNHDNuJbSgIYSB:0
[ -126283ms] [ERROR] Permissions policy violation: xr-spatial-tracking is not allowed in this document. @ https://challenges.cloudflare.com/cdn-cgi/challenge-platform/h/g/turnstile/f/ov2/av0/rch/rmtlq/0x4AAAAAACgeLu06j62qOJgz/auto/fbE/new/normal?lang=auto:0
[ -126282ms] [ERROR] Permissions policy violation: xr-spatial-tracking is not allowed in this document. @ https://challenges.cloudflare.com/cdn-cgi/challenge-platform/h/g/turnstile/f/ov2/av0/rch/rmtlq/0x4AAAAAACgeLu06j62qOJgz/auto/fbE/new/normal?lang=auto:0
[ -125093ms] [WARNING] The resource https://challenges.cloudflare.com/cdn-cgi/challenge-platform/h/g/cmg/1 was preloaded using link preload but not used within a few seconds from the window's load event. Please make sure it has an appropriate `as` value and it is preloaded intentionally. @ https://challenges.cloudflare.com/cdn-cgi/challenge-platform/h/g/turnstile/f/ov2/av0/rch/1wez9/0x4AAAAAACgeLu06j62qOJgz/auto/fbE/new/normal?lang=auto:0
[ -124967ms] [WARNING] Form submission canceled because the form is not connected @ https://challenges.cloudflare.com/cdn-cgi/challenge-platform/h/g/turnstile/f/ov2/av0/rch/9fob4/0x4AAAAAACgeLu06j62qOJgz/auto/fbE/new/normal?lang=auto:0
[ -123490ms] [ERROR] Failed to load resource: the server responded with a status of 401 () @ https://challenges.cloudflare.com/cdn-cgi/challenge-platform/h/g/pat/9f19ac561ca64a26/1777081578877/23d15679c7174a83e5b6f14a041d00b967e6fc5e0b59acefd0346f3e31f54023/dhANyLSNEcGU5fh:0
[ -122826ms] [WARNING] Form submission canceled because the form is not connected @ https://challenges.cloudflare.com/cdn-cgi/challenge-platform/h/g/turnstile/f/ov2/av0/rch/rmtlq/0x4AAAAAACgeLu06j62qOJgz/auto/fbE/new/normal?lang=auto:0
[ -121987ms] [ERROR] This document requires 'TrustedHTML' assignment. The action has been blocked. @ https://challenges.cloudflare.com/cdn-cgi/challenge-platform/h/g/turnstile/f/ov2/av0/rch/wip7p/0x4AAAAAACgeLu06j62qOJgz/auto/fbE/new/normal?lang=auto:0
[ -121986ms] [ERROR] This document requires 'TrustedHTML' assignment. The action has been blocked. @ https://challenges.cloudflare.com/cdn-cgi/challenge-platform/h/g/turnstile/f/ov2/av0/rch/wip7p/0x4AAAAAACgeLu06j62qOJgz/auto/fbE/new/normal?lang=auto:0
[ -121986ms] [ERROR] This document requires 'TrustedScript' assignment. The action has been blocked. @ https://challenges.cloudflare.com/cdn-cgi/challenge-platform/h/g/turnstile/f/ov2/av0/rch/wip7p/0x4AAAAAACgeLu06j62qOJgz/auto/fbE/new/normal?lang=auto:0
[ -121985ms] [ERROR] This document requires 'TrustedScript' assignment. The action has been blocked. @ https://challenges.cloudflare.com/cdn-cgi/challenge-platform/h/g/turnstile/f/ov2/av0/rch/wip7p/0x4AAAAAACgeLu06j62qOJgz/auto/fbE/new/normal?lang=auto:0
[ -121985ms] [ERROR] This document requires 'TrustedScriptURL' assignment. The action has been blocked. @ https://challenges.cloudflare.com/cdn-cgi/challenge-platform/h/g/turnstile/f/ov2/av0/rch/wip7p/0x4AAAAAACgeLu06j62qOJgz/auto/fbE/new/normal?lang=auto:0
[ -121985ms] [ERROR] This document requires 'TrustedScriptURL' assignment. The action has been blocked. @ https://challenges.cloudflare.com/cdn-cgi/challenge-platform/h/g/turnstile/f/ov2/av0/rch/wip7p/0x4AAAAAACgeLu06j62qOJgz/auto/fbE/new/normal?lang=auto:0
[ -121928ms] [WARNING] Form submission canceled because the form is not connected @ https://challenges.cloudflare.com/cdn-cgi/challenge-platform/h/g/turnstile/f/ov2/av0/rch/ie8ap/0x4AAAAAACgeLu06j62qOJgz/auto/fbE/new/normal?lang=auto:0
[ -121320ms] [WARNING] The resource https://challenges.cloudflare.com/cdn-cgi/challenge-platform/h/g/cmg/1 was preloaded using link preload but not used within a few seconds from the window's load event. Please make sure it has an appropriate `as` value and it is preloaded intentionally. @ https://challenges.cloudflare.com/cdn-cgi/challenge-platform/h/g/turnstile/f/ov2/av0/rch/wip7p/0x4AAAAAACgeLu06j62qOJgz/auto/fbE/new/normal?lang=auto:0
[ -121293ms] [WARNING] The resource https://challenges.cloudflare.com/cdn-cgi/challenge-platform/h/g/cmg/1 was preloaded using link preload but not used within a few seconds from the window's load event. Please make sure it has an appropriate `as` value and it is preloaded intentionally. @ https://challenges.cloudflare.com/cdn-cgi/challenge-platform/h/g/turnstile/f/ov2/av0/rch/ie8ap/0x4AAAAAACgeLu06j62qOJgz/auto/fbE/new/normal?lang=auto:0
[ -121274ms] [ERROR] Failed to load resource: the server responded with a status of 401 () @ https://challenges.cloudflare.com/cdn-cgi/challenge-platform/h/g/pat/9f19ac562ccc4a26/1777081579610/a074c7ee1436060ec8cd13c375c9878611b49034ef441c0ceccbbe1cb00b9f34/1PJZhxJPL_TfraH:0
[ -121192ms] [ERROR] Executing inline script violates the following Content Security Policy directive 'script-src 'nonce-fuop2u21BZ96UikMhNETUb' 'unsafe-eval''. Either the 'unsafe-inline' keyword, a hash ('sha256-eJGI0Ik4oYe/PKLDOt4wcN76wYs8h+Ew05pMzdY6xG8='), or a nonce ('nonce-...') is required to enable inline execution. The action has been blocked. @ about:srcdoc:0
[ -121192ms] [ERROR] Executing inline script violates the following Content Security Policy directive 'script-src 'nonce-fuop2u21BZ96UikMhNETUb' 'unsafe-eval''. Either the 'unsafe-inline' keyword, a hash ('sha256-eJGI0Ik4oYe/PKLDOt4wcN76wYs8h+Ew05pMzdY6xG8='), or a nonce ('nonce-...') is required to enable inline execution. The action has been blocked. @ about:srcdoc:0
[ -121191ms] [ERROR] This document requires 'TrustedScript' assignment. The action has been blocked. @ https://challenges.cloudflare.com/cdn-cgi/challenge-platform/h/g/turnstile/f/ov2/av0/rch/wip7p/0x4AAAAAACgeLu06j62qOJgz/auto/fbE/new/normal?lang=auto:0
[ -121191ms] [ERROR] This document requires 'TrustedScript' assignment. The action has been blocked. @ https://challenges.cloudflare.com/cdn-cgi/challenge-platform/h/g/turnstile/f/ov2/av0/rch/wip7p/0x4AAAAAACgeLu06j62qOJgz/auto/fbE/new/normal?lang=auto:0
[ -121089ms] [WARNING] Form submission canceled because the form is not connected @ https://challenges.cloudflare.com/cdn-cgi/challenge-platform/h/g/turnstile/f/ov2/av0/rch/wip7p/0x4AAAAAACgeLu06j62qOJgz/auto/fbE/new/normal?lang=auto:0
[ -118292ms] [WARNING] The resource https://challenges.cloudflare.com/cdn-cgi/challenge-platform/h/g/cmg/1 was preloaded using link preload but not used within a few seconds from the window's load event. Please make sure it has an appropriate `as` value and it is preloaded intentionally. @ https://challenges.cloudflare.com/cdn-cgi/challenge-platform/h/g/turnstile/f/ov2/av0/rch/1wez9/0x4AAAAAACgeLu06j62qOJgz/auto/fbE/new/normal?lang=auto:0
[ -118262ms] [WARNING] The resource https://challenges.cloudflare.com/cdn-cgi/challenge-platform/h/g/cmg/1 was preloaded using link preload but not used within a few seconds from the window's load event. Please make sure it has an appropriate `as` value and it is preloaded intentionally. @ https://challenges.cloudflare.com/cdn-cgi/challenge-platform/h/g/turnstile/f/ov2/av0/rch/rmtlq/0x4AAAAAACgeLu06j62qOJgz/auto/fbE/new/normal?lang=auto:0
[ -117452ms] [WARNING] The resource https://challenges.cloudflare.com/cdn-cgi/challenge-platform/h/g/cmg/1 was preloaded using link preload but not used within a few seconds from the window's load event. Please make sure it has an appropriate `as` value and it is preloaded intentionally. @ https://challenges.cloudflare.com/cdn-cgi/challenge-platform/h/g/turnstile/f/ov2/av0/rch/ie8ap/0x4AAAAAACgeLu06j62qOJgz/auto/fbE/new/normal?lang=auto:0
[ -116530ms] [WARNING] The resource https://challenges.cloudflare.com/cdn-cgi/challenge-platform/h/g/cmg/1 was preloaded using link preload but not used within a few seconds from the window's load event. Please make sure it has an appropriate `as` value and it is preloaded intentionally. @ https://challenges.cloudflare.com/cdn-cgi/challenge-platform/h/g/turnstile/f/ov2/av0/rch/wip7p/0x4AAAAAACgeLu06j62qOJgz/auto/fbE/new/normal?lang=auto:0
[ -116100ms] [WARNING] The resource https://challenges.cloudflare.com/cdn-cgi/challenge-platform/h/g/cmg/1 was preloaded using link preload but not used within a few seconds from the window's load event. Please make sure it has an appropriate `as` value and it is preloaded intentionally. @ https://challenges.cloudflare.com/cdn-cgi/challenge-platform/h/g/turnstile/f/ov2/av0/rch/9fob4/0x4AAAAAACgeLu06j62qOJgz/auto/fbE/new/normal?lang=auto:0
[    1614ms] [ERROR] Permissions policy violation: xr-spatial-tracking is not allowed in this document. @ https://challenges.cloudflare.com/cdn-cgi/challenge-platform/h/g/turnstile/f/ov2/av0/rch/rmtlq/0x4AAAAAACgeLu06j62qOJgz/auto/fbE/auto_timeout/normal?lang=auto:0
[    1615ms] [ERROR] Permissions policy violation: xr-spatial-tracking is not allowed in this document. @ https://challenges.cloudflare.com/cdn-cgi/challenge-platform/h/g/turnstile/f/ov2/av0/rch/rmtlq/0x4AAAAAACgeLu06j62qOJgz/auto/fbE/auto_timeout/normal?lang=auto:0
[    1826ms] [WARNING] Failed to execute 'postMessage' on 'DOMWindow': The target origin provided ('https://challenges.cloudflare.com') does not match the recipient window's origin ('https://hentairead.com'). @ https://challenges.cloudflare.com/turnstile/v0/api.js:0
[ -132965ms] [ERROR] Permissions policy violation: xr-spatial-tracking is not allowed in this document. @ https://challenges.cloudflare.com/cdn-cgi/challenge-platform/h/g/turnstile/f/ov2/av0/rch/ie8ap/0x4AAAAAACgeLu06j62qOJgz/auto/fbE/new/normal?lang=auto:0
[ -132960ms] [ERROR] Permissions policy violation: xr-spatial-tracking is not allowed in this document. @ https://challenges.cloudflare.com/cdn-cgi/challenge-platform/h/g/turnstile/f/ov2/av0/rch/ie8ap/0x4AAAAAACgeLu06j62qOJgz/auto/fbE/new/normal?lang=auto:0
[ -130855ms] [ERROR] Failed to load resource: the server responded with a status of 401 () @ https://challenges.cloudflare.com/cdn-cgi/challenge-platform/h/g/pat/9f19ac562cc74a26/1777081578973/7abad19804ff365d72818ea79107ca75ab817665f9799fadec81ea1b04cde3c9/2Aul3SW4afsN2b1:0
[ -130007ms] [WARNING] The resource https://challenges.cloudflare.com/cdn-cgi/challenge-platform/h/g/cmg/1 was preloaded using link preload but not used within a few seconds from the window's load event. Please make sure it has an appropriate `as` value and it is preloaded intentionally. @ https://challenges.cloudflare.com/cdn-cgi/challenge-platform/h/g/turnstile/f/ov2/av0/rch/ie8ap/0x4AAAAAACgeLu06j62qOJgz/auto/fbE/new/normal?lang=auto:0
[ -129255ms] [ERROR] This document requires 'TrustedHTML' assignment. The action has been blocked. @ https://challenges.cloudflare.com/cdn-cgi/challenge-platform/h/g/turnstile/f/ov2/av0/rch/rmtlq/0x4AAAAAACgeLu06j62qOJgz/auto/fbE/new/normal?lang=auto:0
[ -129249ms] [ERROR] This document requires 'TrustedHTML' assignment. The action has been blocked. @ https://challenges.cloudflare.com/cdn-cgi/challenge-platform/h/g/turnstile/f/ov2/av0/rch/rmtlq/0x4AAAAAACgeLu06j62qOJgz/auto/fbE/new/normal?lang=auto:0
[ -129248ms] [ERROR] This document requires 'TrustedScript' assignment. The action has been blocked. @ https://challenges.cloudflare.com/cdn-cgi/challenge-platform/h/g/turnstile/f/ov2/av0/rch/rmtlq/0x4AAAAAACgeLu06j62qOJgz/auto/fbE/new/normal?lang=auto:0
[ -129248ms] [ERROR] This document requires 'TrustedScript' assignment. The action has been blocked. @ https://challenges.cloudflare.com/cdn-cgi/challenge-platform/h/g/turnstile/f/ov2/av0/rch/rmtlq/0x4AAAAAACgeLu06j62qOJgz/auto/fbE/new/normal?lang=auto:0
[ -129246ms] [ERROR] This document requires 'TrustedScriptURL' assignment. The action has been blocked. @ https://challenges.cloudflare.com/cdn-cgi/challenge-platform/h/g/turnstile/f/ov2/av0/rch/rmtlq/0x4AAAAAACgeLu06j62qOJgz/auto/fbE/new/normal?lang=auto:0
[ -129246ms] [ERROR] This document requires 'TrustedScriptURL' assignment. The action has been blocked. @ https://challenges.cloudflare.com/cdn-cgi/challenge-platform/h/g/turnstile/f/ov2/av0/rch/rmtlq/0x4AAAAAACgeLu06j62qOJgz/auto/fbE/new/normal?lang=auto:0
[ -129073ms] [ERROR] Executing inline script violates the following Content Security Policy directive 'script-src 'nonce-knyAZhSk4QRdunApgu1IJH' 'unsafe-eval''. Either the 'unsafe-inline' keyword, a hash ('sha256-eJGI0Ik4oYe/PKLDOt4wcN76wYs8h+Ew05pMzdY6xG8='), or a nonce ('nonce-...') is required to enable inline execution. The action has been blocked. @ about:srcdoc:0
[ -129072ms] [ERROR] Executing inline script violates the following Content Security Policy directive 'script-src 'nonce-knyAZhSk4QRdunApgu1IJH' 'unsafe-eval''. Either the 'unsafe-inline' keyword, a hash ('sha256-eJGI0Ik4oYe/PKLDOt4wcN76wYs8h+Ew05pMzdY6xG8='), or a nonce ('nonce-...') is required to enable inline execution. The action has been blocked. @ about:srcdoc:0
[ -129070ms] [ERROR] This document requires 'TrustedScript' assignment. The action has been blocked. @ https://challenges.cloudflare.com/cdn-cgi/challenge-platform/h/g/turnstile/f/ov2/av0/rch/rmtlq/0x4AAAAAACgeLu06j62qOJgz/auto/fbE/new/normal?lang=auto:0
[ -129070ms] [ERROR] This document requires 'TrustedScript' assignment. The action has been blocked. @ https://challenges.cloudflare.com/cdn-cgi/challenge-platform/h/g/turnstile/f/ov2/av0/rch/rmtlq/0x4AAAAAACgeLu06j62qOJgz/auto/fbE/new/normal?lang=auto:0
[ -128812ms] [ERROR] This document requires 'TrustedHTML' assignment. The action has been blocked. @ https://challenges.cloudflare.com/cdn-cgi/challenge-platform/h/g/turnstile/f/ov2/av0/rch/9fob4/0x4AAAAAACgeLu06j62qOJgz/auto/fbE/new/normal?lang=auto:0
[ -128812ms] [ERROR] This document requires 'TrustedHTML' assignment. The action has been blocked. @ https://challenges.cloudflare.com/cdn-cgi/challenge-platform/h/g/turnstile/f/ov2/av0/rch/9fob4/0x4AAAAAACgeLu06j62qOJgz/auto/fbE/new/normal?lang=auto:0
[ -128811ms] [ERROR] This document requires 'TrustedScript' assignment. The action has been blocked. @ https://challenges.cloudflare.com/cdn-cgi/challenge-platform/h/g/turnstile/f/ov2/av0/rch/9fob4/0x4AAAAAACgeLu06j62qOJgz/auto/fbE/new/normal?lang=auto:0
[ -128811ms] [ERROR] This document requires 'TrustedScript' assignment. The action has been blocked. @ https://challenges.cloudflare.com/cdn-cgi/challenge-platform/h/g/turnstile/f/ov2/av0/rch/9fob4/0x4AAAAAACgeLu06j62qOJgz/auto/fbE/new/normal?lang=auto:0
[ -128810ms] [ERROR] This document requires 'TrustedScriptURL' assignment. The action has been blocked. @ https://challenges.cloudflare.com/cdn-cgi/challenge-platform/h/g/turnstile/f/ov2/av0/rch/9fob4/0x4AAAAAACgeLu06j62qOJgz/auto/fbE/new/normal?lang=auto:0
[ -128810ms] [ERROR] This document requires 'TrustedScriptURL' assignment. The action has been blocked. @ https://challenges.cloudflare.com/cdn-cgi/challenge-platform/h/g/turnstile/f/ov2/av0/rch/9fob4/0x4AAAAAACgeLu06j62qOJgz/auto/fbE/new/normal?lang=auto:0
[ -128621ms] [ERROR] Executing inline script violates the following Content Security Policy directive 'script-src 'nonce-hvv7PJS7yhbTbej57y9XjD' 'unsafe-eval''. Either the 'unsafe-inline' keyword, a hash ('sha256-eJGI0Ik4oYe/PKLDOt4wcN76wYs8h+Ew05pMzdY6xG8='), or a nonce ('nonce-...') is required to enable inline execution. The action has been blocked. @ about:srcdoc:0
[ -128621ms] [ERROR] Executing inline script violates the following Content Security Policy directive 'script-src 'nonce-hvv7PJS7yhbTbej57y9XjD' 'unsafe-eval''. Either the 'unsafe-inline' keyword, a hash ('sha256-eJGI0Ik4oYe/PKLDOt4wcN76wYs8h+Ew05pMzdY6xG8='), or a nonce ('nonce-...') is required to enable inline execution. The action has been blocked. @ about:srcdoc:0
[ -128621ms] [ERROR] This document requires 'TrustedScript' assignment. The action has been blocked. @ https://challenges.cloudflare.com/cdn-cgi/challenge-platform/h/g/turnstile/f/ov2/av0/rch/9fob4/0x4AAAAAACgeLu06j62qOJgz/auto/fbE/new/normal?lang=auto:0
[ -128620ms] [ERROR] This document requires 'TrustedScript' assignment. The action has been blocked. @ https://challenges.cloudflare.com/cdn-cgi/challenge-platform/h/g/turnstile/f/ov2/av0/rch/9fob4/0x4AAAAAACgeLu06j62qOJgz/auto/fbE/new/normal?lang=auto:0
[ -128531ms] [WARNING] Form submission canceled because the form is not connected @ https://challenges.cloudflare.com/cdn-cgi/challenge-platform/h/g/turnstile/f/ov2/av0/rch/1wez9/0x4AAAAAACgeLu06j62qOJgz/auto/fbE/new/normal?lang=auto:0
[ -128375ms] [ERROR] This document requires 'TrustedHTML' assignment. The action has been blocked. @ https://challenges.cloudflare.com/cdn-cgi/challenge-platform/h/g/turnstile/f/ov2/av0/rch/ie8ap/0x4AAAAAACgeLu06j62qOJgz/auto/fbE/new/normal?lang=auto:0
[ -128375ms] [ERROR] This document requires 'TrustedHTML' assignment. The action has been blocked. @ https://challenges.cloudflare.com/cdn-cgi/challenge-platform/h/g/turnstile/f/ov2/av0/rch/ie8ap/0x4AAAAAACgeLu06j62qOJgz/auto/fbE/new/normal?lang=auto:0
[ -128374ms] [ERROR] This document requires 'TrustedScript' assignment. The action has been blocked. @ https://challenges.cloudflare.com/cdn-cgi/challenge-platform/h/g/turnstile/f/ov2/av0/rch/ie8ap/0x4AAAAAACgeLu06j62qOJgz/auto/fbE/new/normal?lang=auto:0
[ -128374ms] [ERROR] This document requires 'TrustedScript' assignment. The action has been blocked. @ https://challenges.cloudflare.com/cdn-cgi/challenge-platform/h/g/turnstile/f/ov2/av0/rch/ie8ap/0x4AAAAAACgeLu06j62qOJgz/auto/fbE/new/normal?lang=auto:0
[ -128374ms] [ERROR] This document requires 'TrustedScriptURL' assignment. The action has been blocked. @ https://challenges.cloudflare.com/cdn-cgi/challenge-platform/h/g/turnstile/f/ov2/av0/rch/ie8ap/0x4AAAAAACgeLu06j62qOJgz/auto/fbE/new/normal?lang=auto:0
[ -128374ms] [ERROR] This document requires 'TrustedScriptURL' assignment. The action has been blocked. @ https://challenges.cloudflare.com/cdn-cgi/challenge-platform/h/g/turnstile/f/ov2/av0/rch/ie8ap/0x4AAAAAACgeLu06j62qOJgz/auto/fbE/new/normal?lang=auto:0
[ -128366ms] [ERROR] Executing inline script violates the following Content Security Policy directive 'script-src 'nonce-eAIYlFxzLycgPJvqDpxhc4' 'unsafe-eval''. Either the 'unsafe-inline' keyword, a hash ('sha256-eJGI0Ik4oYe/PKLDOt4wcN76wYs8h+Ew05pMzdY6xG8='), or a nonce ('nonce-...') is required to enable inline execution. The action has been blocked. @ about:srcdoc:0
[ -128366ms] [ERROR] Executing inline script violates the following Content Security Policy directive 'script-src 'nonce-eAIYlFxzLycgPJvqDpxhc4' 'unsafe-eval''. Either the 'unsafe-inline' keyword, a hash ('sha256-eJGI0Ik4oYe/PKLDOt4wcN76wYs8h+Ew05pMzdY6xG8='), or a nonce ('nonce-...') is required to enable inline execution. The action has been blocked. @ about:srcdoc:0
[ -128365ms] [ERROR] This document requires 'TrustedScript' assignment. The action has been blocked. @ https://challenges.cloudflare.com/cdn-cgi/challenge-platform/h/g/turnstile/f/ov2/av0/rch/ie8ap/0x4AAAAAACgeLu06j62qOJgz/auto/fbE/new/normal?lang=auto:0
[ -128365ms] [ERROR] This document requires 'TrustedScript' assignment. The action has been blocked. @ https://challenges.cloudflare.com/cdn-cgi/challenge-platform/h/g/turnstile/f/ov2/av0/rch/ie8ap/0x4AAAAAACgeLu06j62qOJgz/auto/fbE/new/normal?lang=auto:0
[ -128342ms] [ERROR] This document requires 'TrustedHTML' assignment. The action has been blocked. @ https://challenges.cloudflare.com/cdn-cgi/challenge-platform/h/g/turnstile/f/ov2/av0/rch/1wez9/0x4AAAAAACgeLu06j62qOJgz/auto/fbE/new/normal?lang=auto:0
[ -128342ms] [ERROR] This document requires 'TrustedHTML' assignment. The action has been blocked. @ https://challenges.cloudflare.com/cdn-cgi/challenge-platform/h/g/turnstile/f/ov2/av0/rch/1wez9/0x4AAAAAACgeLu06j62qOJgz/auto/fbE/new/normal?lang=auto:0
[ -128341ms] [ERROR] This document requires 'TrustedScript' assignment. The action has been blocked. @ https://challenges.cloudflare.com/cdn-cgi/challenge-platform/h/g/turnstile/f/ov2/av0/rch/1wez9/0x4AAAAAACgeLu06j62qOJgz/auto/fbE/new/normal?lang=auto:0
[ -128341ms] [ERROR] This document requires 'TrustedScript' assignment. The action has been blocked. @ https://challenges.cloudflare.com/cdn-cgi/challenge-platform/h/g/turnstile/f/ov2/av0/rch/1wez9/0x4AAAAAACgeLu06j62qOJgz/auto/fbE/new/normal?lang=auto:0
[ -128341ms] [ERROR] This document requires 'TrustedScriptURL' assignment. The action has been blocked. @ https://challenges.cloudflare.com/cdn-cgi/challenge-platform/h/g/turnstile/f/ov2/av0/rch/1wez9/0x4AAAAAACgeLu06j62qOJgz/auto/fbE/new/normal?lang=auto:0
[ -128340ms] [ERROR] This document requires 'TrustedScriptURL' assignment. The action has been blocked. @ https://challenges.cloudflare.com/cdn-cgi/challenge-platform/h/g/turnstile/f/ov2/av0/rch/1wez9/0x4AAAAAACgeLu06j62qOJgz/auto/fbE/new/normal?lang=auto:0
[ -128300ms] [ERROR] Executing inline script violates the following Content Security Policy directive 'script-src 'nonce-8VOtFFhQ4jliAmGJkcswyn' 'unsafe-eval''. Either the 'unsafe-inline' keyword, a hash ('sha256-eJGI0Ik4oYe/PKLDOt4wcN76wYs8h+Ew05pMzdY6xG8='), or a nonce ('nonce-...') is required to enable inline execution. The action has been blocked. @ about:srcdoc:0
[ -128300ms] [ERROR] Executing inline script violates the following Content Security Policy directive 'script-src 'nonce-8VOtFFhQ4jliAmGJkcswyn' 'unsafe-eval''. Either the 'unsafe-inline' keyword, a hash ('sha256-eJGI0Ik4oYe/PKLDOt4wcN76wYs8h+Ew05pMzdY6xG8='), or a nonce ('nonce-...') is required to enable inline execution. The action has been blocked. @ about:srcdoc:0
[ -128299ms] [ERROR] This document requires 'TrustedScript' assignment. The action has been blocked. @ https://challenges.cloudflare.com/cdn-cgi/challenge-platform/h/g/turnstile/f/ov2/av0/rch/1wez9/0x4AAAAAACgeLu06j62qOJgz/auto/fbE/new/normal?lang=auto:0
[ -128299ms] [ERROR] This document requires 'TrustedScript' assignment. The action has been blocked. @ https://challenges.cloudflare.com/cdn-cgi/challenge-platform/h/g/turnstile/f/ov2/av0/rch/1wez9/0x4AAAAAACgeLu06j62qOJgz/auto/fbE/new/normal?lang=auto:0
[ -128213ms] [ERROR] Permissions policy violation: xr-spatial-tracking is not allowed in this document. @ https://challenges.cloudflare.com/cdn-cgi/challenge-platform/h/g/turnstile/f/ov2/av0/rch/9fob4/0x4AAAAAACgeLu06j62qOJgz/auto/fbE/new/normal?lang=auto:0
[ -128212ms] [ERROR] Permissions policy violation: xr-spatial-tracking is not allowed in this document. @ https://challenges.cloudflare.com/cdn-cgi/challenge-platform/h/g/turnstile/f/ov2/av0/rch/9fob4/0x4AAAAAACgeLu06j62qOJgz/auto/fbE/new/normal?lang=auto:0
[ -127665ms] [ERROR] Failed to load resource: the server responded with a status of 401 () @ https://challenges.cloudflare.com/cdn-cgi/challenge-platform/h/g/pat/9f19ac562ccb4a26/1777081579398/004eb2840c8bb416b56e3772ec6367d1becc3f18f9dbbbd745967aa0dac0a1cc/iFjPelcq7cGaShw:0
[ -127456ms] [ERROR] Permissions policy violation: xr-spatial-tracking is not allowed in this document. @ https://challenges.cloudflare.com/cdn-cgi/challenge-platform/h/g/turnstile/f/ov2/av0/rch/wip7p/0x4AAAAAACgeLu06j62qOJgz/auto/fbE/new/normal?lang=auto:0
[ -127456ms] [ERROR] Permissions policy violation: xr-spatial-tracking is not allowed in this document. @ https://challenges.cloudflare.com/cdn-cgi/challenge-platform/h/g/turnstile/f/ov2/av0/rch/wip7p/0x4AAAAAACgeLu06j62qOJgz/auto/fbE/new/normal?lang=auto:0
[ -126891ms] [ERROR] Permissions policy violation: xr-spatial-tracking is not allowed in this document. @ https://challenges.cloudflare.com/cdn-cgi/challenge-platform/h/g/turnstile/f/ov2/av0/rch/1wez9/0x4AAAAAACgeLu06j62qOJgz/auto/fbE/new/normal?lang=auto:0
[ -126890ms] [ERROR] Permissions policy violation: xr-spatial-tracking is not allowed in this document. @ https://challenges.cloudflare.com/cdn-cgi/challenge-platform/h/g/turnstile/f/ov2/av0/rch/1wez9/0x4AAAAAACgeLu06j62qOJgz/auto/fbE/new/normal?lang=auto:0
[ -126534ms] [ERROR] Failed to load resource: the server responded with a status of 401 () @ https://challenges.cloudflare.com/cdn-cgi/challenge-platform/h/g/pat/9f19ac562cca4a26/1777081579437/c3261fef817108f20576ff8514843f9fc81130903aba3bb450b65a05cfba4289/PRNHDNuJbSgIYSB:0
[ -126283ms] [ERROR] Permissions policy violation: xr-spatial-tracking is not allowed in this document. @ https://challenges.cloudflare.com/cdn-cgi/challenge-platform/h/g/turnstile/f/ov2/av0/rch/rmtlq/0x4AAAAAACgeLu06j62qOJgz/auto/fbE/new/normal?lang=auto:0
[ -126282ms] [ERROR] Permissions policy violation: xr-spatial-tracking is not allowed in this document. @ https://challenges.cloudflare.com/cdn-cgi/challenge-platform/h/g/turnstile/f/ov2/av0/rch/rmtlq/0x4AAAAAACgeLu06j62qOJgz/auto/fbE/new/normal?lang=auto:0
[ -125093ms] [WARNING] The resource https://challenges.cloudflare.com/cdn-cgi/challenge-platform/h/g/cmg/1 was preloaded using link preload but not used within a few seconds from the window's load event. Please make sure it has an appropriate `as` value and it is preloaded intentionally. @ https://challenges.cloudflare.com/cdn-cgi/challenge-platform/h/g/turnstile/f/ov2/av0/rch/1wez9/0x4AAAAAACgeLu06j62qOJgz/auto/fbE/new/normal?lang=auto:0
[ -124967ms] [WARNING] Form submission canceled because the form is not connected @ https://challenges.cloudflare.com/cdn-cgi/challenge-platform/h/g/turnstile/f/ov2/av0/rch/9fob4/0x4AAAAAACgeLu06j62qOJgz/auto/fbE/new/normal?lang=auto:0
[ -123490ms] [ERROR] Failed to load resource: the server responded with a status of 401 () @ https://challenges.cloudflare.com/cdn-cgi/challenge-platform/h/g/pat/9f19ac561ca64a26/1777081578877/23d15679c7174a83e5b6f14a041d00b967e6fc5e0b59acefd0346f3e31f54023/dhANyLSNEcGU5fh:0
[ -122826ms] [WARNING] Form submission canceled because the form is not connected @ https://challenges.cloudflare.com/cdn-cgi/challenge-platform/h/g/turnstile/f/ov2/av0/rch/rmtlq/0x4AAAAAACgeLu06j62qOJgz/auto/fbE/new/normal?lang=auto:0
[ -121987ms] [ERROR] This document requires 'TrustedHTML' assignment. The action has been blocked. @ https://challenges.cloudflare.com/cdn-cgi/challenge-platform/h/g/turnstile/f/ov2/av0/rch/wip7p/0x4AAAAAACgeLu06j62qOJgz/auto/fbE/new/normal?lang=auto:0
[ -121986ms] [ERROR] This document requires 'TrustedHTML' assignment. The action has been blocked. @ https://challenges.cloudflare.com/cdn-cgi/challenge-platform/h/g/turnstile/f/ov2/av0/rch/wip7p/0x4AAAAAACgeLu06j62qOJgz/auto/fbE/new/normal?lang=auto:0
[ -121986ms] [ERROR] This document requires 'TrustedScript' assignment. The action has been blocked. @ https://challenges.cloudflare.com/cdn-cgi/challenge-platform/h/g/turnstile/f/ov2/av0/rch/wip7p/0x4AAAAAACgeLu06j62qOJgz/auto/fbE/new/normal?lang=auto:0
[ -121985ms] [ERROR] This document requires 'TrustedScript' assignment. The action has been blocked. @ https://challenges.cloudflare.com/cdn-cgi/challenge-platform/h/g/turnstile/f/ov2/av0/rch/wip7p/0x4AAAAAACgeLu06j62qOJgz/auto/fbE/new/normal?lang=auto:0
[ -121985ms] [ERROR] This document requires 'TrustedScriptURL' assignment. The action has been blocked. @ https://challenges.cloudflare.com/cdn-cgi/challenge-platform/h/g/turnstile/f/ov2/av0/rch/wip7p/0x4AAAAAACgeLu06j62qOJgz/auto/fbE/new/normal?lang=auto:0
[ -121985ms] [ERROR] This document requires 'TrustedScriptURL' assignment. The action has been blocked. @ https://challenges.cloudflare.com/cdn-cgi/challenge-platform/h/g/turnstile/f/ov2/av0/rch/wip7p/0x4AAAAAACgeLu06j62qOJgz/auto/fbE/new/normal?lang=auto:0
[ -121928ms] [WARNING] Form submission canceled because the form is not connected @ https://challenges.cloudflare.com/cdn-cgi/challenge-platform/h/g/turnstile/f/ov2/av0/rch/ie8ap/0x4AAAAAACgeLu06j62qOJgz/auto/fbE/new/normal?lang=auto:0
[ -121320ms] [WARNING] The resource https://challenges.cloudflare.com/cdn-cgi/challenge-platform/h/g/cmg/1 was preloaded using link preload but not used within a few seconds from the window's load event. Please make sure it has an appropriate `as` value and it is preloaded intentionally. @ https://challenges.cloudflare.com/cdn-cgi/challenge-platform/h/g/turnstile/f/ov2/av0/rch/wip7p/0x4AAAAAACgeLu06j62qOJgz/auto/fbE/new/normal?lang=auto:0
[ -121293ms] [WARNING] The resource https://challenges.cloudflare.com/cdn-cgi/challenge-platform/h/g/cmg/1 was preloaded using link preload but not used within a few seconds from the window's load event. Please make sure it has an appropriate `as` value and it is preloaded intentionally. @ https://challenges.cloudflare.com/cdn-cgi/challenge-platform/h/g/turnstile/f/ov2/av0/rch/ie8ap/0x4AAAAAACgeLu06j62qOJgz/auto/fbE/new/normal?lang=auto:0
[ -121274ms] [ERROR] Failed to load resource: the server responded with a status of 401 () @ https://challenges.cloudflare.com/cdn-cgi/challenge-platform/h/g/pat/9f19ac562ccc4a26/1777081579610/a074c7ee1436060ec8cd13c375c9878611b49034ef441c0ceccbbe1cb00b9f34/1PJZhxJPL_TfraH:0
[ -121192ms] [ERROR] Executing inline script violates the following Content Security Policy directive 'script-src 'nonce-fuop2u21BZ96UikMhNETUb' 'unsafe-eval''. Either the 'unsafe-inline' keyword, a hash ('sha256-eJGI0Ik4oYe/PKLDOt4wcN76wYs8h+Ew05pMzdY6xG8='), or a nonce ('nonce-...') is required to enable inline execution. The action has been blocked. @ about:srcdoc:0
[ -121192ms] [ERROR] Executing inline script violates the following Content Security Policy directive 'script-src 'nonce-fuop2u21BZ96UikMhNETUb' 'unsafe-eval''. Either the 'unsafe-inline' keyword, a hash ('sha256-eJGI0Ik4oYe/PKLDOt4wcN76wYs8h+Ew05pMzdY6xG8='), or a nonce ('nonce-...') is required to enable inline execution. The action has been blocked. @ about:srcdoc:0
[ -121191ms] [ERROR] This document requires 'TrustedScript' assignment. The action has been blocked. @ https://challenges.cloudflare.com/cdn-cgi/challenge-platform/h/g/turnstile/f/ov2/av0/rch/wip7p/0x4AAAAAACgeLu06j62qOJgz/auto/fbE/new/normal?lang=auto:0
[ -121191ms] [ERROR] This document requires 'TrustedScript' assignment. The action has been blocked. @ https://challenges.cloudflare.com/cdn-cgi/challenge-platform/h/g/turnstile/f/ov2/av0/rch/wip7p/0x4AAAAAACgeLu06j62qOJgz/auto/fbE/new/normal?lang=auto:0
[ -121089ms] [WARNING] Form submission canceled because the form is not connected @ https://challenges.cloudflare.com/cdn-cgi/challenge-platform/h/g/turnstile/f/ov2/av0/rch/wip7p/0x4AAAAAACgeLu06j62qOJgz/auto/fbE/new/normal?lang=auto:0
[ -118292ms] [WARNING] The resource https://challenges.cloudflare.com/cdn-cgi/challenge-platform/h/g/cmg/1 was preloaded using link preload but not used within a few seconds from the window's load event. Please make sure it has an appropriate `as` value and it is preloaded intentionally. @ https://challenges.cloudflare.com/cdn-cgi/challenge-platform/h/g/turnstile/f/ov2/av0/rch/1wez9/0x4AAAAAACgeLu06j62qOJgz/auto/fbE/new/normal?lang=auto:0
[ -118262ms] [WARNING] The resource https://challenges.cloudflare.com/cdn-cgi/challenge-platform/h/g/cmg/1 was preloaded using link preload but not used within a few seconds from the window's load event. Please make sure it has an appropriate `as` value and it is preloaded intentionally. @ https://challenges.cloudflare.com/cdn-cgi/challenge-platform/h/g/turnstile/f/ov2/av0/rch/rmtlq/0x4AAAAAACgeLu06j62qOJgz/auto/fbE/new/normal?lang=auto:0
[ -117452ms] [WARNING] The resource https://challenges.cloudflare.com/cdn-cgi/challenge-platform/h/g/cmg/1 was preloaded using link preload but not used within a few seconds from the window's load event. Please make sure it has an appropriate `as` value and it is preloaded intentionally. @ https://challenges.cloudflare.com/cdn-cgi/challenge-platform/h/g/turnstile/f/ov2/av0/rch/ie8ap/0x4AAAAAACgeLu06j62qOJgz/auto/fbE/new/normal?lang=auto:0
[ -116530ms] [WARNING] The resource https://challenges.cloudflare.com/cdn-cgi/challenge-platform/h/g/cmg/1 was preloaded using link preload but not used within a few seconds from the window's load event. Please make sure it has an appropriate `as` value and it is preloaded intentionally. @ https://challenges.cloudflare.com/cdn-cgi/challenge-platform/h/g/turnstile/f/ov2/av0/rch/wip7p/0x4AAAAAACgeLu06j62qOJgz/auto/fbE/new/normal?lang=auto:0
[ -116100ms] [WARNING] The resource https://challenges.cloudflare.com/cdn-cgi/challenge-platform/h/g/cmg/1 was preloaded using link preload but not used within a few seconds from the window's load event. Please make sure it has an appropriate `as` value and it is preloaded intentionally. @ https://challenges.cloudflare.com/cdn-cgi/challenge-platform/h/g/turnstile/f/ov2/av0/rch/9fob4/0x4AAAAAACgeLu06j62qOJgz/auto/fbE/new/normal?lang=auto:0
[    1614ms] [ERROR] Permissions policy violation: xr-spatial-tracking is not allowed in this document. @ https://challenges.cloudflare.com/cdn-cgi/challenge-platform/h/g/turnstile/f/ov2/av0/rch/rmtlq/0x4AAAAAACgeLu06j62qOJgz/auto/fbE/auto_timeout/normal?lang=auto:0
[    1615ms] [ERROR] Permissions policy violation: xr-spatial-tracking is not allowed in this document. @ https://challenges.cloudflare.com/cdn-cgi/challenge-platform/h/g/turnstile/f/ov2/av0/rch/rmtlq/0x4AAAAAACgeLu06j62qOJgz/auto/fbE/auto_timeout/normal?lang=auto:0
[    2134ms] [ERROR] Failed to load resource: the server responded with a status of 401 () @ https://challenges.cloudflare.com/cdn-cgi/challenge-platform/h/g/pat/9f19af9dd8e64a26/1777081713184/83287ddc956cf673fe575fb5d043b188396f7b9c1607d60bf4ee518018aa8bec/VUWPaS7xrT5-G_T:0
[    2232ms] [LOG] /.*.*=.*/ @ https://challenges.cloudflare.com/cdn-cgi/challenge-platform/h/g/turnstile/f/ov2/av0/rch/1wez9/0x4AAAAAACgeLu06j62qOJgz/auto/fbE/auto_timeout/normal?lang=auto:0
[    2233ms] [LOG] /.*.*=.*/ @ https://challenges.cloudflare.com/cdn-cgi/challenge-platform/h/g/turnstile/f/ov2/av0/rch/1wez9/0x4AAAAAACgeLu06j62qOJgz/auto/fbE/auto_timeout/normal?lang=auto:0
[    2233ms] [LOG] function () { [native code] } @ https://challenges.cloudflare.com/cdn-cgi/challenge-platform/h/g/turnstile/f/ov2/av0/rch/1wez9/0x4AAAAAACgeLu06j62qOJgz/auto/fbE/auto_timeout/normal?lang=auto:0
[    2234ms] [LOG] function () { [native code] } @ https://challenges.cloudflare.com/cdn-cgi/challenge-platform/h/g/turnstile/f/ov2/av0/rch/1wez9/0x4AAAAAACgeLu06j62qOJgz/auto/fbE/auto_timeout/normal?lang=auto:0
[    2234ms] [LOG] JSHandle@node @ https://challenges.cloudflare.com/cdn-cgi/challenge-platform/h/g/turnstile/f/ov2/av0/rch/1wez9/0x4AAAAAACgeLu06j62qOJgz/auto/fbE/auto_timeout/normal?lang=auto:0
[    2234ms] [LOG] JSHandle@node @ https://challenges.cloudflare.com/cdn-cgi/challenge-platform/h/g/turnstile/f/ov2/av0/rch/1wez9/0x4AAAAAACgeLu06j62qOJgz/auto/fbE/auto_timeout/normal?lang=auto:0
[    2239ms] [COUNT]  : 1 @ https://challenges.cloudflare.com/cdn-cgi/challenge-platform/h/g/turnstile/f/ov2/av0/rch/1wez9/0x4AAAAAACgeLu06j62qOJgz/auto/fbE/auto_timeout/normal?lang=auto:0
[    2239ms] [COUNT]  : 1 @ https://challenges.cloudflare.com/cdn-cgi/challenge-platform/h/g/turnstile/f/ov2/av0/rch/1wez9/0x4AAAAAACgeLu06j62qOJgz/auto/fbE/auto_timeout/normal?lang=auto:0
[    2241ms] [DIR]  Error @ https://challenges.cloudflare.com/cdn-cgi/challenge-platform/h/g/turnstile/f/ov2/av0/rch/1wez9/0x4AAAAAACgeLu06j62qOJgz/auto/fbE/auto_timeout/normal?lang=auto:0
[    2241ms] [DIR]  Error @ https://challenges.cloudflare.com/cdn-cgi/challenge-platform/h/g/turnstile/f/ov2/av0/rch/1wez9/0x4AAAAAACgeLu06j62qOJgz/auto/fbE/auto_timeout/normal?lang=auto:0
[    2242ms] [DIRXML] %c%d font-size:0;color:transparent Error @ https://challenges.cloudflare.com/cdn-cgi/challenge-platform/h/g/turnstile/f/ov2/av0/rch/1wez9/0x4AAAAAACgeLu06j62qOJgz/auto/fbE/auto_timeout/normal?lang=auto:0
[    2242ms] [DIRXML] %c%d font-size:0;color:transparent Error @ https://challenges.cloudflare.com/cdn-cgi/challenge-platform/h/g/turnstile/f/ov2/av0/rch/1wez9/0x4AAAAAACgeLu06j62qOJgz/auto/fbE/auto_timeout/normal?lang=auto:0
[    2243ms] [ERROR] %c%d font-size:0;color:transparent NaN @ https://challenges.cloudflare.com/cdn-cgi/challenge-platform/h/g/turnstile/f/ov2/av0/rch/1wez9/0x4AAAAAACgeLu06j62qOJgz/auto/fbE/auto_timeout/normal?lang=auto:0
[    2244ms] [ERROR] %c%d font-size:0;color:transparent NaN @ https://challenges.cloudflare.com/cdn-cgi/challenge-platform/h/g/turnstile/f/ov2/av0/rch/1wez9/0x4AAAAAACgeLu06j62qOJgz/auto/fbE/auto_timeout/normal?lang=auto:0
[    2244ms] [INFO] %c%d font-size:0;color:transparent NaN @ https://challenges.cloudflare.com/cdn-cgi/challenge-platform/h/g/turnstile/f/ov2/av0/rch/1wez9/0x4AAAAAACgeLu06j62qOJgz/auto/fbE/auto_timeout/normal?lang=auto:0
[    2245ms] [INFO] %c%d font-size:0;color:transparent NaN @ https://challenges.cloudflare.com/cdn-cgi/challenge-platform/h/g/turnstile/f/ov2/av0/rch/1wez9/0x4AAAAAACgeLu06j62qOJgz/auto/fbE/auto_timeout/normal?lang=auto:0
[    2245ms] [LOG] %c%d font-size:0;color:transparent NaN @ https://challenges.cloudflare.com/cdn-cgi/challenge-platform/h/g/turnstile/f/ov2/av0/rch/1wez9/0x4AAAAAACgeLu06j62qOJgz/auto/fbE/auto_timeout/normal?lang=auto:0
[    2245ms] [LOG] %c%d font-size:0;color:transparent NaN @ https://challenges.cloudflare.com/cdn-cgi/challenge-platform/h/g/turnstile/f/ov2/av0/rch/1wez9/0x4AAAAAACgeLu06j62qOJgz/auto/fbE/auto_timeout/normal?lang=auto:0
[    2246ms] [TABLE] %c%d font-size:0;color:transparent Error @ https://challenges.cloudflare.com/cdn-cgi/challenge-platform/h/g/turnstile/f/ov2/av0/rch/1wez9/0x4AAAAAACgeLu06j62qOJgz/auto/fbE/auto_timeout/normal?lang=auto:0
[    2246ms] [TABLE] %c%d font-size:0;color:transparent Error @ https://challenges.cloudflare.com/cdn-cgi/challenge-platform/h/g/turnstile/f/ov2/av0/rch/1wez9/0x4AAAAAACgeLu06j62qOJgz/auto/fbE/auto_timeout/normal?lang=auto:0
[    2248ms] [WARNING] %c%d font-size:0;color:transparent NaN @ https://challenges.cloudflare.com/cdn-cgi/challenge-platform/h/g/turnstile/f/ov2/av0/rch/1wez9/0x4AAAAAACgeLu06j62qOJgz/auto/fbE/auto_timeout/normal?lang=auto:0
[    2248ms] [WARNING] %c%d font-size:0;color:transparent NaN @ https://challenges.cloudflare.com/cdn-cgi/challenge-platform/h/g/turnstile/f/ov2/av0/rch/1wez9/0x4AAAAAACgeLu06j62qOJgz/auto/fbE/auto_timeout/normal?lang=auto:0
